#
# A fatal error has been detected by the Java Runtime Environment:
#
#  SIGSEGV (0xb) at pc=0x00007f60a817a908, pid=8875, tid=140052206798592
#
# JRE version: Java(TM) SE Runtime Environment (8.0_91-b14) (build 1.8.0_91-b14)
# Java VM: Java HotSpot(TM) 64-Bit Server VM (25.91-b14 mixed mode linux-amd64 compressed oops)
# Problematic frame:
# C  [libglib-2.0.so.0+0x49908]  g_main_context_prepare+0x138
#
# Failed to write core dump. Core dumps have been disabled. To enable core dumping, try "ulimit -c unlimited" before starting Java again
#
# If you would like to submit a bug report, please visit:
#   http://bugreport.java.com/bugreport/crash.jsp
# The crash happened outside the Java Virtual Machine in native code.
# See problematic frame for where to report the bug.
#

---------------  T H R E A D  ---------------

Current thread (0x00007f60c8345800):  JavaThread "JavaFX Application Thread" [_thread_in_native, id=8898, stack(0x00007f6071f94000,0x00007f6072095000)]

siginfo: si_signo: 11 (SIGSEGV), si_code: 1 (SEGV_MAPERR), si_addr: 0x00007f6000000000

Registers:
RAX=0x00007f6000000000, RBX=0x00007f60c82eaaa0, RCX=0x00007f60601f1300, RDX=0x0000000000000001
RSP=0x00007f60720934f0, RBP=0x00007f6072093520, RSI=0x00007f6072093518, RDI=0x00007f60601f3c10
R8 =0x0000000000000000, R9 =0x0000000000000000, R10=0x0000000000000020, R11=0x0000000000000000
R12=0x00007f6072093518, R13=0x0000000000000006, R14=0x00000000000000c8, R15=0x00007f60a8177600
RIP=0x00007f60a817a908, EFLAGS=0x0000000000010246, CSGSFS=0x0000000000000033, ERR=0x0000000000000004
  TRAPNO=0x000000000000000e

Top of Stack: (sp=0x00007f60720934f0)
0x00007f60720934f0:   0000000000000001 00000001a817af3a
0x00007f6072093500:   00007f6072093514 00007f60720935a0
0x00007f6072093510:   ffffffff00000000 00007f60601f1300
0x00007f6072093520:   00007f60c82eaaa0 00007f6000000001
0x00007f6072093530:   00007f605c001180 00007f60601f1300
0x00007f6072093540:   00007f60aa0f7d00 5dca3e77d8e2cc00
0x00007f6072093550:   00007f60c8345800 00007f60c82eaaa0
0x00007f6072093560:   00007f606001285c 00007f60600150b0
0x00007f6072093570:   00007f60720935a4 0000000000000001
0x00007f6072093580:   0000000000000002 00007f60a817b2cb
0x00007f6072093590:   00007f6060012850 00000001a81bf708
0x00007f60720935a0:   0000000000000082 5dca3e77d8e2cc00
0x00007f60720935b0:   00007f60aa0f7c80 00007f6060012850
0x00007f60720935c0:   00007f606001285c 0000000000000000
0x00007f60720935d0:   00007f6060012850 00007f6072093750
0x00007f60720935e0:   00007f60c8345800 00007f60a817b722
0x00007f60720935f0:   0000000000000000 5dca3e77d8e2cc00
0x00007f6072093600:   0000000000000000 0000000000000000
0x00007f6072093610:   00007f60720936b0 00007f60aa4bf6a7
0x00007f6072093620:   00007f60cc729760 00007f60c8345800
0x00007f6072093630:   00007f60cc729760 00007f60c8345800
0x00007f6072093640:   00007f60aa38e334 0000000000000001
0x00007f6072093650:   00007f60aa38e648 5dca3e77d8e2cc00
0x00007f6072093660:   00007f60aa13bef0 00007f60c83459f8
0x00007f6072093670:   00007f60720936b0 0000000000000000
0x00007f6072093680:   00007f60cc729760 00007f6072093750
0x00007f6072093690:   00007f60c8345800 00007f607507f382
0x00007f60720936a0:   00007f60cc729760 0000000000000000
0x00007f60720936b0:   00007f6072093720 00007f60b9015554
0x00007f60720936c0:   00007f6072093720 00007f60b90152d9
0x00007f60720936d0:   00007f60c8345800 00007f60b90152a2
0x00007f60720936e0:   00007f60720936e0 00007f60cc729760 

Instructions: (pc=0x00007f60a817a908)
0x00007f60a817a8e8:   01 75 d5 45 85 ed 74 0a 44 3b 71 28 0f 8c a6 00
0x00007f60a817a8f8:   00 00 f6 41 2c 10 0f 85 14 01 00 00 48 8b 41 10
0x00007f60a817a908:   4c 8b 38 4d 85 ff 0f 84 1c 01 00 00 83 43 58 01
0x00007f60a817a918:   48 89 df e8 c0 51 04 00 48 8b 74 24 10 48 8b 7c 

Register to memory mapping:

RAX=0x00007f6000000000 is an unknown value
RBX=0x00007f60c82eaaa0 is an unknown value
RCX=0x00007f60601f1300 is an unknown value
RDX=0x0000000000000001 is an unknown value
RSP=0x00007f60720934f0 is pointing into the stack for thread: 0x00007f60c8345800
RBP=0x00007f6072093520 is pointing into the stack for thread: 0x00007f60c8345800
RSI=0x00007f6072093518 is pointing into the stack for thread: 0x00007f60c8345800
RDI=0x00007f60601f3c10 is an unknown value
R8 =0x0000000000000000 is an unknown value
R9 =0x0000000000000000 is an unknown value
R10=0x0000000000000020 is an unknown value
R11=0x0000000000000000 is an unknown value
R12=0x00007f6072093518 is pointing into the stack for thread: 0x00007f60c8345800
R13=0x0000000000000006 is an unknown value
R14=0x00000000000000c8 is an unknown value
R15=0x00007f60a8177600: <offset 0x46600> in /lib/x86_64-linux-gnu/libglib-2.0.so.0 at 0x00007f60a8131000


Stack: [0x00007f6071f94000,0x00007f6072095000],  sp=0x00007f60720934f0,  free space=1021k
Native frames: (J=compiled Java code, j=interpreted, Vv=VM code, C=native code)
C  [libglib-2.0.so.0+0x49908]  g_main_context_prepare+0x138
C  0x00007f6000000001

Java frames: (J=compiled Java code, j=interpreted, Vv=VM code)
j  com.sun.glass.ui.gtk.GtkApplication._runLoop(Ljava/lang/Runnable;Z)V+0
j  com.sun.glass.ui.gtk.GtkApplication.lambda$null$49(Ljava/lang/Runnable;Z)V+7
j  com.sun.glass.ui.gtk.GtkApplication$$Lambda$42.run()V+12
j  java.lang.Thread.run()V+11
v  ~StubRoutines::call_stub

---------------  P R O C E S S  ---------------

Java Threads: ( => current thread )
  0x00007f60601f2000 JavaThread "pool-3-thread-1" [_thread_in_native, id=8904, stack(0x00007f604882a000,0x00007f604892b000)]
  0x00007f6060315000 JavaThread "Prism Font Disposer" daemon [_thread_blocked, id=8901, stack(0x00007f604901a000,0x00007f604911b000)]
  0x00007f60c8349000 JavaThread "JavaFX-Launcher" [_thread_blocked, id=8899, stack(0x00007f6071e93000,0x00007f6071f94000)]
=>0x00007f60c8345800 JavaThread "JavaFX Application Thread" [_thread_in_native, id=8898, stack(0x00007f6071f94000,0x00007f6072095000)]
  0x00007f60c8341800 JavaThread "Thread-1" daemon [_thread_in_native, id=8897, stack(0x00007f6072095000,0x00007f6072196000)]
  0x00007f60c82a1000 JavaThread "QuantumRenderer-0" daemon [_thread_blocked, id=8893, stack(0x00007f60aabe6000,0x00007f60aace7000)]
  0x00007f60c818f000 JavaThread "Service Thread" daemon [_thread_blocked, id=8891, stack(0x00007f60aade8000,0x00007f60aaee9000)]
  0x00007f60c8184000 JavaThread "C1 CompilerThread2" daemon [_thread_blocked, id=8890, stack(0x00007f60aaee9000,0x00007f60aafea000)]
  0x00007f60c8182000 JavaThread "C2 CompilerThread1" daemon [_thread_blocked, id=8889, stack(0x00007f60aafea000,0x00007f60ab0eb000)]
  0x00007f60c817f000 JavaThread "C2 CompilerThread0" daemon [_thread_blocked, id=8888, stack(0x00007f60ab0eb000,0x00007f60ab1ec000)]
  0x00007f60c817e000 JavaThread "Signal Dispatcher" daemon [_thread_blocked, id=8887, stack(0x00007f60ab1ec000,0x00007f60ab2ed000)]
  0x00007f60c814b000 JavaThread "Finalizer" daemon [_thread_blocked, id=8886, stack(0x00007f60abcfd000,0x00007f60abdfe000)]
  0x00007f60c8146800 JavaThread "Reference Handler" daemon [_thread_blocked, id=8885, stack(0x00007f60abdfe000,0x00007f60abeff000)]
  0x00007f60c800a000 JavaThread "main" [_thread_blocked, id=8879, stack(0x00007f60d1bfc000,0x00007f60d1cfd000)]

Other Threads:
  0x00007f60c813e800 VMThread [stack: 0x00007f60abeff000,0x00007f60ac000000] [id=8884]
  0x00007f60c8192000 WatcherThread [stack: 0x00007f60aace7000,0x00007f60aade8000] [id=8892]

VM state:not at safepoint (normal execution)

VM Mutex/Monitor currently owned by a thread: None

Heap:
 PSYoungGen      total 14336K, used 14129K [0x00000000f0600000, 0x00000000f2200000, 0x0000000100000000)
  eden space 12288K, 98% used [0x00000000f0600000,0x00000000f11d06f8,0x00000000f1200000)
  from space 2048K, 99% used [0x00000000f1200000,0x00000000f13fc010,0x00000000f1400000)
  to   space 2048K, 0% used [0x00000000f2000000,0x00000000f2000000,0x00000000f2200000)
 ParOldGen       total 32768K, used 4491K [0x00000000d1200000, 0x00000000d3200000, 0x00000000f0600000)
  object space 32768K, 13% used [0x00000000d1200000,0x00000000d1662dc0,0x00000000d3200000)
 Metaspace       used 16493K, capacity 17330K, committed 17408K, reserved 1064960K
  class space    used 2315K, capacity 2558K, committed 2560K, reserved 1048576K

Card table byte_map: [0x00007f60ce83a000,0x00007f60ce9b2000] byte_map_base: 0x00007f60ce1b1000

Marking Bits: (ParMarkBitMap*) 0x00007f60d10cfd60
 Begin Bits: [0x00007f60ccbcc000, 0x00007f60cd784000)
 End Bits:   [0x00007f60cd784000, 0x00007f60ce33c000)

Polling page: 0x00007f60d1d1e000

CodeCache: size=245760Kb used=7199Kb max_used=7199Kb free=238560Kb
 bounds [0x00007f60b9000000, 0x00007f60b9710000, 0x00007f60c8000000]
 total_blobs=2933 nmethods=2296 adapters=551
 compilation: enabled

Compilation events (10 events):
Event: 12.599 Thread 0x00007f60c8184000 nmethod 2282 0x00007f60b96f7510 code [0x00007f60b96f76c0, 0x00007f60b96f7c08]
Event: 12.599 Thread 0x00007f60c8184000 2283       3       com.sun.javafx.geom.Vec3d::normalize (38 bytes)
Event: 12.599 Thread 0x00007f60c8184000 nmethod 2283 0x00007f60b96f0b50 code [0x00007f60b96f0ce0, 0x00007f60b96f0ef0]
Event: 12.599 Thread 0x00007f60c8184000 2284       3       javafx.scene.input.PickResult::<init> (50 bytes)
Event: 12.600 Thread 0x00007f60c8184000 nmethod 2284 0x00007f60b96f7090 code [0x00007f60b96f7200, 0x00007f60b96f7430]
Event: 12.632 Thread 0x00007f60c8184000 2285   !   3       com.sun.javafx.event.EventQueue::fire (66 bytes)
Event: 12.633 Thread 0x00007f60c8184000 nmethod 2285 0x00007f60b96f61d0 code [0x00007f60b96f63c0, 0x00007f60b96f6be8]
